[Engine] Log started
[Engine] Starting Engine_Run
[GL] OpenGL initialized
[Engine] SDL + ShaderAPI initialized
[Engine] FileSystem loaded
[FS] Resolving: maps/start.json
[FS] Checking: "D:\\git\\INC\\hl3\\.\\maps/start.json"
[FS] Found: "D:\\git\\INC\\hl3\\.\\maps/start.json"
[Entity] static_geometry at (0, 0, 0)
[Entity] static_geometry at (0, 1.5, -10)
[Entity] static_geometry at (-14, 1.5, 0)
[Entity] static_geometry at (14, 1.5, 0)
[Entity] static_geometry at (0, 1.5, 10)
[Entity] static_geometry at (0, 4, 5)
[Entity] static_geometry at (-7, 0.5, 12)
[Entity] static_geometry at (-7, 1.5, 14)
[Entity] static_geometry at (-7, 2.5, 16)
[Entity] static_geometry at (0, 0.5, 18)
[Engine] Entering main loop
[Engine] Frame time: 0.000977778 ms
[Matrix::Perspective] FOV radians: 0.523599, aspect: 1.77778
[Matrix::Perspective] FOV radians: 0.523599, aspect: 1.77778
[Engine] Rendering 10 static meshes this frame
[Engine] Frame time: 65.3464 ms
[Matrix::Perspective] FOV radians: 0.523599, aspect: 1.77778
[Matrix::Perspective] FOV radians: 0.523599, aspect: 1.77778
[Engine] Rendering 10 static meshes this frame
[Engine] Frame time: 31.0537 ms
[Matrix::Perspective] FOV radians: 0.523599, aspect: 1.77778
[Matrix::Perspective] FOV radians: 0.523599, aspect: 1.77778
[Engine] Rendering 10 static meshes this frame
[Engine] Frame time: 31.2591 ms
[Matrix::Perspective] FOV radians: 0.523599, aspect: 1.77778
[Matrix::Perspective] FOV radians: 0.523599, aspect: 1.77778
[Engine] Rendering 10 static meshes this frame
[Engine] Frame time: 34.7473 ms
[Matrix::Perspective] FOV radians: 0.523599, aspect: 1.77778
[Matrix::Perspective] FOV radians: 0.523599, aspect: 1.77778
[Engine] Rendering 10 static meshes this frame
[Engine] Frame time: 30.0867 ms
[Matrix::Perspective] FOV radians: 0.523599, aspect: 1.77778
[Matrix::Perspective] FOV radians: 0.523599, aspect: 1.77778
[Engine] Rendering 10 static meshes this frame
[Engine] Frame time: 30.9036 ms
[Matrix::Perspective] FOV radians: 0.523599, aspect: 1.77778
[Matrix::Perspective] FOV radians: 0.523599, aspect: 1.77778
[Engine] Rendering 10 static meshes this frame
[Engine] Frame time: 33.0044 ms
[Matrix::Perspective] FOV radians: 0.523599, aspect: 1.77778
[Matrix::Perspective] FOV radians: 0.523599, aspect: 1.77778
[Engine] Rendering 10 static meshes this frame
[Engine] Frame time: 33.8805 ms
[Matrix::Perspective] FOV radians: 0.523599, aspect: 1.77778
[Matrix::Perspective] FOV radians: 0.523599, aspect: 1.77778
[Engine] Rendering 10 static meshes this frame
[Engine] Frame time: 32.5116 ms
[Matrix::Perspective] FOV radians: 0.523599, aspect: 1.77778
[Matrix::Perspective] FOV radians: 0.523599, aspect: 1.77778
[Engine] Rendering 10 static meshes this frame
[Engine] Frame time: 35.2196 ms
[Matrix::Perspective] FOV radians: 0.523599, aspect: 1.77778
[Matrix::Perspective] FOV radians: 0.523599, aspect: 1.77778
[Engine] Rendering 10 static meshes this frame
[Engine] Frame time: 32.5488 ms
[Matrix::Perspective] FOV radians: 0.523599, aspect: 1.77778
[Matrix::Perspective] FOV radians: 0.523599, aspect: 1.77778
[Engine] Rendering 10 static meshes this frame
[Engine] Frame time: 33.7363 ms
[Matrix::Perspective] FOV radians: 0.523599, aspect: 1.77778
[Matrix::Perspective] FOV radians: 0.523599, aspect: 1.77778
[Engine] Rendering 10 static meshes this frame
[Engine] Frame time: 32.6216 ms
[Matrix::Perspective] FOV radians: 0.523599, aspect: 1.77778
[Matrix::Perspective] FOV radians: 0.523599, aspect: 1.77778
[Engine] Rendering 10 static meshes this frame
[Engine] Frame time: 33.0352 ms
[Matrix::Perspective] FOV radians: 0.523599, aspect: 1.77778
[Matrix::Perspective] FOV radians: 0.523599, aspect: 1.77778
[Engine] Rendering 10 static meshes this frame
[Engine] Frame time: 34.7302 ms
[Matrix::Perspective] FOV radians: 0.523599, aspect: 1.77778
[Matrix::Perspective] FOV radians: 0.523599, aspect: 1.77778
[Engine] Rendering 10 static meshes this frame
[Engine] Frame time: 33.5661 ms
[Matrix::Perspective] FOV radians: 0.523599, aspect: 1.77778
[Matrix::Perspective] FOV radians: 0.523599, aspect: 1.77778
[Engine] Rendering 10 static meshes this frame
[Engine] Frame time: 33.0357 ms
[Matrix::Perspective] FOV radians: 0.523599, aspect: 1.77778
[Matrix::Perspective] FOV radians: 0.523599, aspect: 1.77778
[Engine] Rendering 10 static meshes this frame
[Engine] Frame time: 31.899 ms
[Matrix::Perspective] FOV radians: 0.523599, aspect: 1.77778
[Matrix::Perspective] FOV radians: 0.523599, aspect: 1.77778
[Engine] Rendering 10 static meshes this frame
[Engine] Frame time: 32.9115 ms
[Matrix::Perspective] FOV radians: 0.523599, aspect: 1.77778
[Matrix::Perspective] FOV radians: 0.523599, aspect: 1.77778
[Engine] Rendering 10 static meshes this frame
[Engine] Frame time: 35.617 ms
[Matrix::Perspective] FOV radians: 0.523599, aspect: 1.77778
[Matrix::Perspective] FOV radians: 0.523599, aspect: 1.77778
[Engine] Rendering 10 static meshes this frame
[Engine] Frame time: 32.8836 ms
[Matrix::Perspective] FOV radians: 0.523599, aspect: 1.77778
[Matrix::Perspective] FOV radians: 0.523599, aspect: 1.77778
[Engine] Rendering 10 static meshes this frame
[Engine] Frame time: 32.2461 ms
[Matrix::Perspective] FOV radians: 0.523599, aspect: 1.77778
[Matrix::Perspective] FOV radians: 0.523599, aspect: 1.77778
[Engine] Rendering 10 static meshes this frame
[Engine] Frame time: 34.341 ms
[Matrix::Perspective] FOV radians: 0.523599, aspect: 1.77778
[Matrix::Perspective] FOV radians: 0.523599, aspect: 1.77778
[Engine] Rendering 10 static meshes this frame
[Engine] Frame time: 33.4351 ms
[Matrix::Perspective] FOV radians: 0.523599, aspect: 1.77778
[Matrix::Perspective] FOV radians: 0.523599, aspect: 1.77778
[Engine] Rendering 10 static meshes this frame
[Engine] Frame time: 31.9279 ms
[Matrix::Perspective] FOV radians: 0.523599, aspect: 1.77778
[Matrix::Perspective] FOV radians: 0.523599, aspect: 1.77778
[Engine] Rendering 10 static meshes this frame
[Engine] Frame time: 34.7634 ms
[Matrix::Perspective] FOV radians: 0.523599, aspect: 1.77778
[Matrix::Perspective] FOV radians: 0.523599, aspect: 1.77778
[Engine] Rendering 10 static meshes this frame
[Engine] Frame time: 31.8457 ms
[Matrix::Perspective] FOV radians: 0.523599, aspect: 1.77778
[Matrix::Perspective] FOV radians: 0.523599, aspect: 1.77778
[Engine] Rendering 10 static meshes this frame
[Engine] Frame time: 32.9814 ms
[Matrix::Perspective] FOV radians: 0.523599, aspect: 1.77778
[Matrix::Perspective] FOV radians: 0.523599, aspect: 1.77778
[Engine] Rendering 10 static meshes this frame
[Engine] Frame time: 33.1349 ms
[Matrix::Perspective] FOV radians: 0.523599, aspect: 1.77778
[Matrix::Perspective] FOV radians: 0.523599, aspect: 1.77778
[Engine] Rendering 10 static meshes this frame
[Engine] Frame time: 33.8898 ms
[Matrix::Perspective] FOV radians: 0.523599, aspect: 1.77778
[Matrix::Perspective] FOV radians: 0.523599, aspect: 1.77778
[Engine] Rendering 10 static meshes this frame
[Engine] Frame time: 33.485 ms
[Matrix::Perspective] FOV radians: 0.523599, aspect: 1.77778
[Matrix::Perspective] FOV radians: 0.523599, aspect: 1.77778
[Engine] Rendering 10 static meshes this frame
[Engine] Frame time: 33.6888 ms
[Matrix::Perspective] FOV radians: 0.523599, aspect: 1.77778
[Matrix::Perspective] FOV radians: 0.523599, aspect: 1.77778
[Engine] Rendering 10 static meshes this frame
[Engine] Frame time: 32.8142 ms
[Matrix::Perspective] FOV radians: 0.523599, aspect: 1.77778
[Matrix::Perspective] FOV radians: 0.523599, aspect: 1.77778
[Engine] Rendering 10 static meshes this frame
[Engine] Frame time: 34.2247 ms
[Matrix::Perspective] FOV radians: 0.523599, aspect: 1.77778
[Matrix::Perspective] FOV radians: 0.523599, aspect: 1.77778
[Engine] Rendering 10 static meshes this frame
[Engine] Frame time: 32.0076 ms
[Matrix::Perspective] FOV radians: 0.523599, aspect: 1.77778
[Matrix::Perspective] FOV radians: 0.523599, aspect: 1.77778
[Engine] Rendering 10 static meshes this frame
[Engine] Frame time: 33.9968 ms
[Matrix::Perspective] FOV radians: 0.523599, aspect: 1.77778
[Matrix::Perspective] FOV radians: 0.523599, aspect: 1.77778
[Engine] Rendering 10 static meshes this frame
[Engine] Frame time: 33.3652 ms
[Matrix::Perspective] FOV radians: 0.523599, aspect: 1.77778
[Matrix::Perspective] FOV radians: 0.523599, aspect: 1.77778
[Engine] Rendering 10 static meshes this frame
[Engine] Frame time: 32.624 ms
[Matrix::Perspective] FOV radians: 0.523599, aspect: 1.77778
[Matrix::Perspective] FOV radians: 0.523599, aspect: 1.77778
[Engine] Rendering 10 static meshes this frame
[Engine] Frame time: 33.3535 ms
[Matrix::Perspective] FOV radians: 0.523599, aspect: 1.77778
[Matrix::Perspective] FOV radians: 0.523599, aspect: 1.77778
[Engine] Rendering 10 static meshes this frame
[Engine] Frame time: 34.6539 ms
[Matrix::Perspective] FOV radians: 0.523599, aspect: 1.77778
[Matrix::Perspective] FOV radians: 0.523599, aspect: 1.77778
[Engine] Rendering 10 static meshes this frame
[Engine] Frame time: 33.1046 ms
[Matrix::Perspective] FOV radians: 0.523599, aspect: 1.77778
[Matrix::Perspective] FOV radians: 0.523599, aspect: 1.77778
[Engine] Rendering 10 static meshes this frame
[Engine] Frame time: 32.6705 ms
[Matrix::Perspective] FOV radians: 0.523599, aspect: 1.77778
[Matrix::Perspective] FOV radians: 0.523599, aspect: 1.77778
[Engine] Rendering 10 static meshes this frame
[Engine] Frame time: 33.5989 ms
[Matrix::Perspective] FOV radians: 0.523599, aspect: 1.77778
[Matrix::Perspective] FOV radians: 0.523599, aspect: 1.77778
[Engine] Rendering 10 static meshes this frame
[Engine] Frame time: 33.285 ms
[Matrix::Perspective] FOV radians: 0.523599, aspect: 1.77778
[Matrix::Perspective] FOV radians: 0.523599, aspect: 1.77778
[Engine] Rendering 10 static meshes this frame
[Engine] Frame time: 33.154 ms
[Matrix::Perspective] FOV radians: 0.523599, aspect: 1.77778
[Matrix::Perspective] FOV radians: 0.523599, aspect: 1.77778
[Engine] Rendering 10 static meshes this frame
[Engine] Frame time: 33.5627 ms
[Matrix::Perspective] FOV radians: 0.523599, aspect: 1.77778
[Matrix::Perspective] FOV radians: 0.523599, aspect: 1.77778
[Engine] Rendering 10 static meshes this frame
[Engine] Frame time: 33.0738 ms
[Matrix::Perspective] FOV radians: 0.523599, aspect: 1.77778
[Matrix::Perspective] FOV radians: 0.523599, aspect: 1.77778
[Engine] Rendering 10 static meshes this frame
[Engine] Frame time: 33.1789 ms
[Matrix::Perspective] FOV radians: 0.523599, aspect: 1.77778
[Matrix::Perspective] FOV radians: 0.523599, aspect: 1.77778
[Engine] Rendering 10 static meshes this frame
[Engine] Frame time: 33.8384 ms
[Matrix::Perspective] FOV radians: 0.523599, aspect: 1.77778
[Matrix::Perspective] FOV radians: 0.523599, aspect: 1.77778
[Engine] Rendering 10 static meshes this frame
[Engine] Frame time: 33.1154 ms
[Matrix::Perspective] FOV radians: 0.523599, aspect: 1.77778
[Matrix::Perspective] FOV radians: 0.523599, aspect: 1.77778
[Engine] Rendering 10 static meshes this frame
[Engine] Frame time: 33.0919 ms
[Matrix::Perspective] FOV radians: 0.523599, aspect: 1.77778
[Matrix::Perspective] FOV radians: 0.523599, aspect: 1.77778
[Engine] Rendering 10 static meshes this frame
[Engine] Frame time: 33.3188 ms
[Matrix::Perspective] FOV radians: 0.523599, aspect: 1.77778
[Matrix::Perspective] FOV radians: 0.523599, aspect: 1.77778
[Engine] Rendering 10 static meshes this frame
[Engine] Frame time: 33.2865 ms
[Matrix::Perspective] FOV radians: 0.523599, aspect: 1.77778
[Matrix::Perspective] FOV radians: 0.523599, aspect: 1.77778
[Engine] Rendering 10 static meshes this frame
[Engine] Frame time: 33.5847 ms
[Matrix::Perspective] FOV radians: 0.523599, aspect: 1.77778
[Matrix::Perspective] FOV radians: 0.523599, aspect: 1.77778
[Engine] Rendering 10 static meshes this frame
[Engine] Frame time: 33.9396 ms
[Matrix::Perspective] FOV radians: 0.523599, aspect: 1.77778
[Matrix::Perspective] FOV radians: 0.523599, aspect: 1.77778
[Engine] Rendering 10 static meshes this frame
[Engine] Frame time: 33.046 ms
[Matrix::Perspective] FOV radians: 0.523599, aspect: 1.77778
[Matrix::Perspective] FOV radians: 0.523599, aspect: 1.77778
[Engine] Rendering 10 static meshes this frame
[Engine] Frame time: 32.998 ms
[Matrix::Perspective] FOV radians: 0.523599, aspect: 1.77778
[Matrix::Perspective] FOV radians: 0.523599, aspect: 1.77778
[Engine] Rendering 10 static meshes this frame
[Engine] Frame time: 33.0978 ms
[Matrix::Perspective] FOV radians: 0.523599, aspect: 1.77778
[Matrix::Perspective] FOV radians: 0.523599, aspect: 1.77778
[Engine] Rendering 10 static meshes this frame
[Engine] Frame time: 33.66 ms
[Matrix::Perspective] FOV radians: 0.523599, aspect: 1.77778
[Matrix::Perspective] FOV radians: 0.523599, aspect: 1.77778
[Engine] Rendering 10 static meshes this frame
[Engine] Frame time: 33.3779 ms
[Matrix::Perspective] FOV radians: 0.523599, aspect: 1.77778
[Matrix::Perspective] FOV radians: 0.523599, aspect: 1.77778
[Engine] Rendering 10 static meshes this frame
[Engine] Frame time: 33.7979 ms
[Matrix::Perspective] FOV radians: 0.523599, aspect: 1.77778
[Matrix::Perspective] FOV radians: 0.523599, aspect: 1.77778
[Engine] Rendering 10 static meshes this frame
[Engine] Frame time: 32.671 ms
[Matrix::Perspective] FOV radians: 0.523599, aspect: 1.77778
[Matrix::Perspective] FOV radians: 0.523599, aspect: 1.77778
[Engine] Rendering 10 static meshes this frame
[Engine] Frame time: 33.2308 ms
[Matrix::Perspective] FOV radians: 0.523599, aspect: 1.77778
[Matrix::Perspective] FOV radians: 0.523599, aspect: 1.77778
[Engine] Rendering 10 static meshes this frame
[Engine] Frame time: 33.1863 ms
[Matrix::Perspective] FOV radians: 0.523599, aspect: 1.77778
[Matrix::Perspective] FOV radians: 0.523599, aspect: 1.77778
[Engine] Rendering 10 static meshes this frame
[Engine] Frame time: 32.9785 ms
[Matrix::Perspective] FOV radians: 0.523599, aspect: 1.77778
[Matrix::Perspective] FOV radians: 0.523599, aspect: 1.77778
[Engine] Rendering 10 static meshes this frame
[Engine] Frame time: 35.0714 ms
[Matrix::Perspective] FOV radians: 0.523599, aspect: 1.77778
[Matrix::Perspective] FOV radians: 0.523599, aspect: 1.77778
[Engine] Rendering 10 static meshes this frame
[Engine] Frame time: 32.4329 ms
[Matrix::Perspective] FOV radians: 0.523599, aspect: 1.77778
[Matrix::Perspective] FOV radians: 0.523599, aspect: 1.77778
[Engine] Rendering 10 static meshes this frame
[Engine] Frame time: 33.0254 ms
[Matrix::Perspective] FOV radians: 0.523599, aspect: 1.77778
[Matrix::Perspective] FOV radians: 0.523599, aspect: 1.77778
[Engine] Rendering 10 static meshes this frame
[Engine] Frame time: 33.7573 ms
[Matrix::Perspective] FOV radians: 0.523599, aspect: 1.77778
[Matrix::Perspective] FOV radians: 0.523599, aspect: 1.77778
[Engine] Rendering 10 static meshes this frame
[Engine] Frame time: 33.6595 ms
[Matrix::Perspective] FOV radians: 0.523599, aspect: 1.77778
[Matrix::Perspective] FOV radians: 0.523599, aspect: 1.77778
[Engine] Rendering 10 static meshes this frame
[Engine] Frame time: 32.8152 ms
[Matrix::Perspective] FOV radians: 0.523599, aspect: 1.77778
[Matrix::Perspective] FOV radians: 0.523599, aspect: 1.77778
[Engine] Rendering 10 static meshes this frame
[Engine] Frame time: 33.1887 ms
[Matrix::Perspective] FOV radians: 0.523599, aspect: 1.77778
[Matrix::Perspective] FOV radians: 0.523599, aspect: 1.77778
[Engine] Rendering 10 static meshes this frame
[Engine] Frame time: 33.2107 ms
[Matrix::Perspective] FOV radians: 0.523599, aspect: 1.77778
[Matrix::Perspective] FOV radians: 0.523599, aspect: 1.77778
[Engine] Rendering 10 static meshes this frame
[Engine] Frame time: 33.5559 ms
[Matrix::Perspective] FOV radians: 0.523599, aspect: 1.77778
[Matrix::Perspective] FOV radians: 0.523599, aspect: 1.77778
[Engine] Rendering 10 static meshes this frame
[Engine] Frame time: 33.2992 ms
[Matrix::Perspective] FOV radians: 0.523599, aspect: 1.77778
[Matrix::Perspective] FOV radians: 0.523599, aspect: 1.77778
[Engine] Rendering 10 static meshes this frame
[Engine] Frame time: 33.7695 ms
[Matrix::Perspective] FOV radians: 0.523599, aspect: 1.77778
[Matrix::Perspective] FOV radians: 0.523599, aspect: 1.77778
[Engine] Rendering 10 static meshes this frame
[Engine] Frame time: 32.7785 ms
[Matrix::Perspective] FOV radians: 0.523599, aspect: 1.77778
[Matrix::Perspective] FOV radians: 0.523599, aspect: 1.77778
[Engine] Rendering 10 static meshes this frame
[Engine] Frame time: 33.3246 ms
[Matrix::Perspective] FOV radians: 0.523599, aspect: 1.77778
[Matrix::Perspective] FOV radians: 0.523599, aspect: 1.77778
[Engine] Rendering 10 static meshes this frame
[Engine] Frame time: 33.0044 ms
[Matrix::Perspective] FOV radians: 0.523599, aspect: 1.77778
[Matrix::Perspective] FOV radians: 0.523599, aspect: 1.77778
[Engine] Rendering 10 static meshes this frame
[Engine] Frame time: 33.9494 ms
[Matrix::Perspective] FOV radians: 0.523599, aspect: 1.77778
[Matrix::Perspective] FOV radians: 0.523599, aspect: 1.77778
[Engine] Rendering 10 static meshes this frame
[Engine] Frame time: 33.0836 ms
[Matrix::Perspective] FOV radians: 0.523599, aspect: 1.77778
[Matrix::Perspective] FOV radians: 0.523599, aspect: 1.77778
[Engine] Rendering 10 static meshes this frame
[Engine] Frame time: 33.2444 ms
[Matrix::Perspective] FOV radians: 0.523599, aspect: 1.77778
[Matrix::Perspective] FOV radians: 0.523599, aspect: 1.77778
[Engine] Rendering 10 static meshes this frame
[Engine] Frame time: 33.8311 ms
[Matrix::Perspective] FOV radians: 0.523599, aspect: 1.77778
[Matrix::Perspective] FOV radians: 0.523599, aspect: 1.77778
[Engine] Rendering 10 static meshes this frame
[Engine] Frame time: 32.6905 ms
[Engine] SDL_QUIT event received
[Engine] Engine_RunFrame returned false, exiting loop
[Engine] Shutdown complete
[Engine] Engine_Run exiting
